<?xml version="1.0" encoding="UTF-8"?>
<testsuite name="SquadsTest" tests="2" skipped="0" failures="0" errors="0" timestamp="2020-09-14T11:29:41" hostname="moringa-ThinkPad-X260" time="0.003">
  <properties/>
  <testcase name="squadTest" classname="SquadsTest" time="0.002"/>
  <testcase name="TestIfSquadContainsMembers" classname="SquadsTest" time="0.0"/>
  <system-out><![CDATA[]]></system-out>
  <system-err><![CDATA[]]></system-err>
</testsuite>
