<?xml version="1.0" encoding="UTF-8"?>
<testsuite name="HeroTest" tests="3" skipped="0" failures="0" errors="0" timestamp="2020-09-14T02:47:17" hostname="moringa-ThinkPad-X260" time="0.003">
  <properties/>
  <testcase name="methodTest" classname="HeroTest" time="0.002"/>
  <testcase name="instantiateClass" classname="HeroTest" time="0.0"/>
  <testcase name="checkValues" classname="HeroTest" time="0.0"/>
  <system-out><![CDATA[]]></system-out>
  <system-err><![CDATA[]]></system-err>
</testsuite>
