<?xml version="1.0" encoding="UTF-8"?>
<testsuite name="HeroTest" tests="2" skipped="0" failures="0" errors="0" timestamp="2020-09-13T12:55:24" hostname="moringa-ThinkPad-X260" time="0.001">
  <properties/>
  <testcase name="instantiateClass" classname="HeroTest" time="0.001"/>
  <testcase name="checkValues" classname="HeroTest" time="0.0"/>
  <system-out><![CDATA[]]></system-out>
  <system-err><![CDATA[]]></system-err>
</testsuite>
